2022-10-27 23:24:40,356  INFO [main] TestBase:37 - Set up is being initialized
2022-10-27 23:24:40,979 DEBUG [main] InternalLoggerFactory:89 - Using Log4J as the default logging framework
2022-10-27 23:24:40,983 DEBUG [main] ResourceLeakDetector:129 - -Dio.netty.leakDetection.level: simple
2022-10-27 23:24:40,983 DEBUG [main] ResourceLeakDetector:130 - -Dio.netty.leakDetection.targetRecords: 4
2022-10-27 23:24:40,986 DEBUG [main] ResourceLeakDetectorFactory:196 - Loaded default ResourceLeakDetector: io.netty.util.ResourceLeakDetector@22ee2d0
2022-10-27 23:24:40,999 DEBUG [main] PlatformDependent0:495 - -Dio.netty.noUnsafe: false
2022-10-27 23:24:41,000 DEBUG [main] PlatformDependent0:998 - Java version: 17
2022-10-27 23:24:41,002 DEBUG [main] PlatformDependent0:136 - sun.misc.Unsafe.theUnsafe: available
2022-10-27 23:24:41,003 DEBUG [main] PlatformDependent0:160 - sun.misc.Unsafe.copyMemory: available
2022-10-27 23:24:41,003 DEBUG [main] PlatformDependent0:192 - sun.misc.Unsafe.storeFence: available
2022-10-27 23:24:41,004 DEBUG [main] PlatformDependent0:235 - java.nio.Buffer.address: available
2022-10-27 23:24:41,004 DEBUG [main] PlatformDependent0:319 - direct buffer constructor: unavailable: Reflective setAccessible(true) disabled
2022-10-27 23:24:41,004 DEBUG [main] PlatformDependent0:384 - java.nio.Bits.unaligned: available, true
2022-10-27 23:24:41,006 DEBUG [main] PlatformDependent0:451 - jdk.internal.misc.Unsafe.allocateUninitializedArray(int): unavailable: class io.netty.util.internal.PlatformDependent0$7 cannot access class jdk.internal.misc.Unsafe (in module java.base) because module java.base does not export jdk.internal.misc to unnamed module @685cb137
2022-10-27 23:24:41,007 DEBUG [main] PlatformDependent0:481 - java.nio.DirectByteBuffer.<init>(long, int): unavailable
2022-10-27 23:24:41,007 DEBUG [main] PlatformDependent:1120 - sun.misc.Unsafe: available
2022-10-27 23:24:41,019 DEBUG [main] PlatformDependent:1231 - maxDirectMemory: 4294967296 bytes (maybe)
2022-10-27 23:24:41,019 DEBUG [main] PlatformDependent:1250 - -Dio.netty.tmpdir: /var/folders/2c/znlm_n9j0jb7k32f50w73rzm0000gn/T (java.io.tmpdir)
2022-10-27 23:24:41,019 DEBUG [main] PlatformDependent:1329 - -Dio.netty.bitMode: 64 (sun.arch.data.model)
2022-10-27 23:24:41,020 DEBUG [main] PlatformDependent:1088 - Platform: MacOS
2022-10-27 23:24:41,021 DEBUG [main] PlatformDependent:178 - -Dio.netty.maxDirectMemory: -1 bytes
2022-10-27 23:24:41,021 DEBUG [main] PlatformDependent:185 - -Dio.netty.uninitializedArrayAllocationThreshold: -1
2022-10-27 23:24:41,023 DEBUG [main] CleanerJava9:71 - java.nio.ByteBuffer.cleaner(): available
2022-10-27 23:24:41,023 DEBUG [main] PlatformDependent:205 - -Dio.netty.noPreferDirect: false
2022-10-27 23:24:41,029 DEBUG [main] PlatformDependent:971 - org.jctools-core.MpscChunkedArrayQueue: available
2022-10-27 23:24:41,044 DEBUG [main] InternalThreadLocalMap:86 - -Dio.netty.threadLocalMap.stringBuilder.initialSize: 1024
2022-10-27 23:24:41,045 DEBUG [main] InternalThreadLocalMap:89 - -Dio.netty.threadLocalMap.stringBuilder.maxSize: 4096
2022-10-27 23:24:41,097 DEBUG [main] JdkSslContext:83 - Default protocols (JDK): [TLSv1.3, TLSv1.2] 
2022-10-27 23:24:41,098 DEBUG [main] JdkSslContext:84 - Default cipher suites (JDK): [TLS_ECDHE_ECDSA_WITH_AES_256_GCM_SHA384, TLS_ECDHE_ECDSA_WITH_AES_128_GCM_SHA256, TLS_ECDHE_RSA_WITH_AES_128_GCM_SHA256, TLS_ECDHE_RSA_WITH_AES_256_GCM_SHA384, TLS_ECDHE_RSA_WITH_AES_128_CBC_SHA, TLS_ECDHE_RSA_WITH_AES_256_CBC_SHA, TLS_RSA_WITH_AES_128_GCM_SHA256, TLS_RSA_WITH_AES_128_CBC_SHA, TLS_RSA_WITH_AES_256_CBC_SHA, TLS_AES_128_GCM_SHA256, TLS_AES_256_GCM_SHA384]
2022-10-27 23:24:41,116 DEBUG [main] MultithreadEventLoopGroup:44 - -Dio.netty.eventLoopThreads: 16
2022-10-27 23:24:41,127 DEBUG [main] NioEventLoop:109 - -Dio.netty.noKeySetOptimization: false
2022-10-27 23:24:41,128 DEBUG [main] NioEventLoop:110 - -Dio.netty.selectorAutoRebuildThreshold: 512
2022-10-27 23:24:41,146 DEBUG [main] PooledByteBufAllocator:157 - -Dio.netty.allocator.numHeapArenas: 16
2022-10-27 23:24:41,147 DEBUG [main] PooledByteBufAllocator:158 - -Dio.netty.allocator.numDirectArenas: 16
2022-10-27 23:24:41,147 DEBUG [main] PooledByteBufAllocator:160 - -Dio.netty.allocator.pageSize: 8192
2022-10-27 23:24:41,147 DEBUG [main] PooledByteBufAllocator:165 - -Dio.netty.allocator.maxOrder: 9
2022-10-27 23:24:41,148 DEBUG [main] PooledByteBufAllocator:169 - -Dio.netty.allocator.chunkSize: 4194304
2022-10-27 23:24:41,148 DEBUG [main] PooledByteBufAllocator:170 - -Dio.netty.allocator.smallCacheSize: 256
2022-10-27 23:24:41,148 DEBUG [main] PooledByteBufAllocator:171 - -Dio.netty.allocator.normalCacheSize: 64
2022-10-27 23:24:41,148 DEBUG [main] PooledByteBufAllocator:172 - -Dio.netty.allocator.maxCachedBufferCapacity: 32768
2022-10-27 23:24:41,148 DEBUG [main] PooledByteBufAllocator:173 - -Dio.netty.allocator.cacheTrimInterval: 8192
2022-10-27 23:24:41,148 DEBUG [main] PooledByteBufAllocator:174 - -Dio.netty.allocator.cacheTrimIntervalMillis: 0
2022-10-27 23:24:41,148 DEBUG [main] PooledByteBufAllocator:175 - -Dio.netty.allocator.useCacheForAllThreads: false
2022-10-27 23:24:41,148 DEBUG [main] PooledByteBufAllocator:176 - -Dio.netty.allocator.maxCachedByteBuffersPerChunk: 1023
2022-10-27 23:24:41,156 DEBUG [main] ByteBufUtil:87 - -Dio.netty.allocator.type: pooled
2022-10-27 23:24:41,158 DEBUG [main] ByteBufUtil:96 - -Dio.netty.threadLocalDirectBufferSize: 0
2022-10-27 23:24:41,158 DEBUG [main] ByteBufUtil:99 - -Dio.netty.maxThreadLocalCharBufferSize: 16384
2022-10-27 23:24:41,585 DEBUG [Forwarding newSession on session null to remote] DefaultChannelId:79 - -Dio.netty.processId: 23302 (auto-detected)
2022-10-27 23:24:41,587 DEBUG [Forwarding newSession on session null to remote] NetUtil:136 - -Djava.net.preferIPv4Stack: false
2022-10-27 23:24:41,588 DEBUG [Forwarding newSession on session null to remote] NetUtil:137 - -Djava.net.preferIPv6Addresses: false
2022-10-27 23:24:41,599 DEBUG [Forwarding newSession on session null to remote] NetUtilInitializations:129 - Loopback interface: lo0 (lo0, 0:0:0:0:0:0:0:1%lo0)
2022-10-27 23:24:41,600 DEBUG [Forwarding newSession on session null to remote] NetUtil:191 - Failed to get SOMAXCONN from sysctl and file /proc/sys/net/core/somaxconn. Default: 128
2022-10-27 23:24:41,602 DEBUG [Forwarding newSession on session null to remote] DefaultChannelId:101 - -Dio.netty.machineId: bc:d0:74:ff:fe:30:f0:0d (auto-detected)
2022-10-27 23:24:41,649 DEBUG [AsyncHttpClient-1-2] AbstractByteBuf:63 - -Dio.netty.buffer.checkAccessible: true
2022-10-27 23:24:41,649 DEBUG [AsyncHttpClient-1-2] AbstractByteBuf:64 - -Dio.netty.buffer.checkBounds: true
2022-10-27 23:24:41,649 DEBUG [AsyncHttpClient-1-2] ResourceLeakDetectorFactory:196 - Loaded default ResourceLeakDetector: io.netty.util.ResourceLeakDetector@55799115
2022-10-27 23:24:41,668 DEBUG [AsyncHttpClient-1-2] Recycler:85 - -Dio.netty.recycler.maxCapacityPerThread: 4096
2022-10-27 23:24:41,669 DEBUG [AsyncHttpClient-1-2] Recycler:86 - -Dio.netty.recycler.ratio: 8
2022-10-27 23:24:41,669 DEBUG [AsyncHttpClient-1-2] Recycler:87 - -Dio.netty.recycler.chunkSize: 32
2022-10-27 23:24:41,669 DEBUG [AsyncHttpClient-1-2] Recycler:88 - -Dio.netty.recycler.blocking: false
2022-10-27 23:24:45,787 DEBUG [AsyncHttpClient-1-2] Brotli:38 - brotli4j not in the classpath; Brotli support will be unavailable.
2022-10-27 23:24:45,901 DEBUG [main] ThreadLocalRandom:214 - -Dio.netty.initialSeedUniquifier: 0x78f15fe1bc035533
2022-10-27 23:24:45,939  INFO [main] TestBase:54 - Launching Broswer
2022-10-27 23:24:47,581  INFO [TestNG-test=Insurance Simulator Test-2] TestBase:59 - Validate Simulate Button Test
2022-10-27 23:24:47,582  INFO [TestNG-test=Insurance Simulator Test-1] TestBase:49 - Validate Home Page Title Test
2022-10-27 23:24:48,413  INFO [TestNG-test=Insurance Simulator Test-2] TestBase:80 - Check Insurance Value Test
2022-10-27 23:24:48,415  WARN [TestNG-test=Insurance Simulator Test-2] TestBase:81 - This test is dependent on Validate Simulate Button Test
2022-10-27 23:24:54,235  INFO [TestNG-test=Insurance Simulator Test-2] TestBase:80 - Check Insurance Value Test
2022-10-27 23:24:54,236  WARN [TestNG-test=Insurance Simulator Test-2] TestBase:81 - This test is dependent on Validate Simulate Button Test
2022-10-27 23:24:56,172  INFO [TestNG-test=Insurance Simulator Test-2] TestBase:80 - Check Insurance Value Test
2022-10-27 23:24:56,172  WARN [TestNG-test=Insurance Simulator Test-2] TestBase:81 - This test is dependent on Validate Simulate Button Test
2022-10-27 23:24:57,332  INFO [TestNG-test=Insurance Simulator Test-2] TestBase:80 - Check Insurance Value Test
2022-10-27 23:24:57,333  WARN [TestNG-test=Insurance Simulator Test-2] TestBase:81 - This test is dependent on Validate Simulate Button Test
2022-10-27 23:25:05,841  INFO [TestNG-test=Insurance Simulator Test-2] TestBase:80 - Check Insurance Value Test
2022-10-27 23:25:05,842  WARN [TestNG-test=Insurance Simulator Test-2] TestBase:81 - This test is dependent on Validate Simulate Button Test
2022-10-27 23:25:14,147  INFO [TestNG-test=Insurance Simulator Test-2] TestBase:80 - Check Insurance Value Test
2022-10-27 23:25:14,147  WARN [TestNG-test=Insurance Simulator Test-2] TestBase:81 - This test is dependent on Validate Simulate Button Test
2022-10-27 23:25:15,173  INFO [TestNG-test=Insurance Simulator Test-2] TestBase:80 - Check Insurance Value Test
2022-10-27 23:25:15,174  WARN [TestNG-test=Insurance Simulator Test-2] TestBase:81 - This test is dependent on Validate Simulate Button Test
2022-10-27 23:25:16,161  INFO [TestNG-test=Insurance Simulator Test-2] TestBase:80 - Check Insurance Value Test
2022-10-27 23:25:16,162  WARN [TestNG-test=Insurance Simulator Test-2] TestBase:81 - This test is dependent on Validate Simulate Button Test
2022-10-27 23:25:17,063  INFO [TestNG-test=Insurance Simulator Test-2] TestBase:80 - Check Insurance Value Test
2022-10-27 23:25:17,063  WARN [TestNG-test=Insurance Simulator Test-2] TestBase:81 - This test is dependent on Validate Simulate Button Test
2022-10-27 23:25:18,024  INFO [TestNG-test=Insurance Simulator Test-2] TestBase:80 - Check Insurance Value Test
2022-10-27 23:25:18,025  WARN [TestNG-test=Insurance Simulator Test-2] TestBase:81 - This test is dependent on Validate Simulate Button Test
2022-10-27 23:25:18,829  INFO [TestNG-test=Insurance Simulator Test-2] TestBase:80 - Check Insurance Value Test
2022-10-27 23:25:18,830  WARN [TestNG-test=Insurance Simulator Test-2] TestBase:81 - This test is dependent on Validate Simulate Button Test
2022-10-27 23:25:19,636  INFO [TestNG-test=Insurance Simulator Test-2] TestBase:80 - Check Insurance Value Test
2022-10-27 23:25:19,636  WARN [TestNG-test=Insurance Simulator Test-2] TestBase:81 - This test is dependent on Validate Simulate Button Test
2022-10-27 23:25:20,472  INFO [TestNG-test=Insurance Simulator Test-2] TestBase:80 - Check Insurance Value Test
2022-10-27 23:25:20,473  WARN [TestNG-test=Insurance Simulator Test-2] TestBase:81 - This test is dependent on Validate Simulate Button Test
2022-10-27 23:25:21,332  INFO [TestNG-test=Insurance Simulator Test-2] TestBase:80 - Check Insurance Value Test
2022-10-27 23:25:21,333  WARN [TestNG-test=Insurance Simulator Test-2] TestBase:81 - This test is dependent on Validate Simulate Button Test
2022-10-27 23:25:22,193  INFO [TestNG-test=Insurance Simulator Test-2] TestBase:80 - Check Insurance Value Test
2022-10-27 23:25:22,193  WARN [TestNG-test=Insurance Simulator Test-2] TestBase:81 - This test is dependent on Validate Simulate Button Test
2022-10-27 23:25:23,074  INFO [TestNG-test=Insurance Simulator Test-2] TestBase:80 - Check Insurance Value Test
2022-10-27 23:25:23,075  WARN [TestNG-test=Insurance Simulator Test-2] TestBase:81 - This test is dependent on Validate Simulate Button Test
2022-10-27 23:25:23,888  INFO [TestNG-test=Insurance Simulator Test-2] TestBase:80 - Check Insurance Value Test
2022-10-27 23:25:23,889  WARN [TestNG-test=Insurance Simulator Test-2] TestBase:81 - This test is dependent on Validate Simulate Button Test
2022-10-27 23:25:24,717  INFO [TestNG-test=Insurance Simulator Test-2] TestBase:80 - Check Insurance Value Test
2022-10-27 23:25:24,717  WARN [TestNG-test=Insurance Simulator Test-2] TestBase:81 - This test is dependent on Validate Simulate Button Test
2022-10-27 23:25:25,522  INFO [TestNG-test=Insurance Simulator Test-2] TestBase:80 - Check Insurance Value Test
2022-10-27 23:25:25,522  WARN [TestNG-test=Insurance Simulator Test-2] TestBase:81 - This test is dependent on Validate Simulate Button Test
2022-10-27 23:25:26,300  INFO [TestNG-test=Insurance Simulator Test-2] TestBase:80 - Check Insurance Value Test
2022-10-27 23:25:26,301  WARN [TestNG-test=Insurance Simulator Test-2] TestBase:81 - This test is dependent on Validate Simulate Button Test
2022-10-27 23:25:27,106  INFO [TestNG-test=Insurance Simulator Test-2] TestBase:80 - Check Insurance Value Test
2022-10-27 23:25:27,107  WARN [TestNG-test=Insurance Simulator Test-2] TestBase:81 - This test is dependent on Validate Simulate Button Test
2022-10-27 23:25:27,916  INFO [TestNG-test=Insurance Simulator Test-2] TestBase:80 - Check Insurance Value Test
2022-10-27 23:25:27,916  WARN [TestNG-test=Insurance Simulator Test-2] TestBase:81 - This test is dependent on Validate Simulate Button Test
2022-10-27 23:25:28,679  INFO [TestNG-test=Insurance Simulator Test-2] TestBase:80 - Check Insurance Value Test
2022-10-27 23:25:28,680  WARN [TestNG-test=Insurance Simulator Test-2] TestBase:81 - This test is dependent on Validate Simulate Button Test
2022-10-27 23:25:29,441  INFO [TestNG-test=Insurance Simulator Test-2] TestBase:80 - Check Insurance Value Test
2022-10-27 23:25:29,441  WARN [TestNG-test=Insurance Simulator Test-2] TestBase:81 - This test is dependent on Validate Simulate Button Test
2022-10-27 23:25:30,198  INFO [TestNG-test=Insurance Simulator Test-2] TestBase:80 - Check Insurance Value Test
2022-10-27 23:25:30,200  WARN [TestNG-test=Insurance Simulator Test-2] TestBase:81 - This test is dependent on Validate Simulate Button Test
2022-10-27 23:25:31,000  INFO [TestNG-test=Insurance Simulator Test-2] TestBase:80 - Check Insurance Value Test
2022-10-27 23:25:31,000  WARN [TestNG-test=Insurance Simulator Test-2] TestBase:81 - This test is dependent on Validate Simulate Button Test
2022-10-27 23:25:31,799  INFO [TestNG-test=Insurance Simulator Test-2] TestBase:80 - Check Insurance Value Test
2022-10-27 23:25:31,800  WARN [TestNG-test=Insurance Simulator Test-2] TestBase:81 - This test is dependent on Validate Simulate Button Test
2022-10-27 23:25:32,550  INFO [TestNG-test=Insurance Simulator Test-2] TestBase:80 - Check Insurance Value Test
2022-10-27 23:25:32,550  WARN [TestNG-test=Insurance Simulator Test-2] TestBase:81 - This test is dependent on Validate Simulate Button Test
2022-10-27 23:25:33,305  INFO [TestNG-test=Insurance Simulator Test-2] TestBase:80 - Check Insurance Value Test
2022-10-27 23:25:33,305  WARN [TestNG-test=Insurance Simulator Test-2] TestBase:81 - This test is dependent on Validate Simulate Button Test
2022-10-27 23:25:34,033  INFO [TestNG-test=Insurance Simulator Test-2] TestBase:80 - Check Insurance Value Test
2022-10-27 23:25:34,033  WARN [TestNG-test=Insurance Simulator Test-2] TestBase:81 - This test is dependent on Validate Simulate Button Test
2022-10-27 23:25:34,818  INFO [TestNG-test=Insurance Simulator Test-2] TestBase:80 - Check Insurance Value Test
2022-10-27 23:25:34,819  WARN [TestNG-test=Insurance Simulator Test-2] TestBase:81 - This test is dependent on Validate Simulate Button Test
2022-10-27 23:25:35,519  INFO [TestNG-test=Insurance Simulator Test-2] TestBase:80 - Check Insurance Value Test
2022-10-27 23:25:35,519  WARN [TestNG-test=Insurance Simulator Test-2] TestBase:81 - This test is dependent on Validate Simulate Button Test
2022-10-27 23:25:36,237  INFO [TestNG-test=Insurance Simulator Test-2] TestBase:80 - Check Insurance Value Test
2022-10-27 23:25:36,237  WARN [TestNG-test=Insurance Simulator Test-2] TestBase:81 - This test is dependent on Validate Simulate Button Test
2022-10-27 23:25:36,964  INFO [TestNG-test=Insurance Simulator Test-2] TestBase:80 - Check Insurance Value Test
2022-10-27 23:25:36,964  WARN [TestNG-test=Insurance Simulator Test-2] TestBase:81 - This test is dependent on Validate Simulate Button Test
2022-10-27 23:25:37,751  INFO [TestNG-test=Insurance Simulator Test-2] TestBase:80 - Check Insurance Value Test
2022-10-27 23:25:37,752  WARN [TestNG-test=Insurance Simulator Test-2] TestBase:81 - This test is dependent on Validate Simulate Button Test
2022-10-27 23:25:38,475  INFO [TestNG-test=Insurance Simulator Test-2] TestBase:80 - Check Insurance Value Test
2022-10-27 23:25:38,476  WARN [TestNG-test=Insurance Simulator Test-2] TestBase:81 - This test is dependent on Validate Simulate Button Test
2022-10-27 23:25:39,193  INFO [TestNG-test=Insurance Simulator Test-2] TestBase:80 - Check Insurance Value Test
2022-10-27 23:25:39,194  WARN [TestNG-test=Insurance Simulator Test-2] TestBase:81 - This test is dependent on Validate Simulate Button Test
2022-10-27 23:25:39,916  INFO [TestNG-test=Insurance Simulator Test-2] TestBase:80 - Check Insurance Value Test
2022-10-27 23:25:39,917  WARN [TestNG-test=Insurance Simulator Test-2] TestBase:81 - This test is dependent on Validate Simulate Button Test
2022-10-27 23:25:40,707  INFO [TestNG-test=Insurance Simulator Test-2] TestBase:80 - Check Insurance Value Test
2022-10-27 23:25:40,707  WARN [TestNG-test=Insurance Simulator Test-2] TestBase:81 - This test is dependent on Validate Simulate Button Test
2022-10-27 23:25:41,470  INFO [TestNG-test=Insurance Simulator Test-2] TestBase:80 - Check Insurance Value Test
2022-10-27 23:25:41,470  WARN [TestNG-test=Insurance Simulator Test-2] TestBase:81 - This test is dependent on Validate Simulate Button Test
2022-10-27 23:25:42,273  INFO [TestNG-test=Insurance Simulator Test-2] TestBase:80 - Check Insurance Value Test
2022-10-27 23:25:42,273  WARN [TestNG-test=Insurance Simulator Test-2] TestBase:81 - This test is dependent on Validate Simulate Button Test
2022-10-27 23:25:42,997  INFO [TestNG-test=Insurance Simulator Test-2] TestBase:80 - Check Insurance Value Test
2022-10-27 23:25:42,998  WARN [TestNG-test=Insurance Simulator Test-2] TestBase:81 - This test is dependent on Validate Simulate Button Test
2022-10-27 23:25:43,753  INFO [TestNG-test=Insurance Simulator Test-2] TestBase:80 - Check Insurance Value Test
2022-10-27 23:25:43,753  WARN [TestNG-test=Insurance Simulator Test-2] TestBase:81 - This test is dependent on Validate Simulate Button Test
2022-10-27 23:25:44,486  INFO [TestNG-test=Insurance Simulator Test-2] TestBase:80 - Check Insurance Value Test
2022-10-27 23:25:44,486  WARN [TestNG-test=Insurance Simulator Test-2] TestBase:81 - This test is dependent on Validate Simulate Button Test
2022-10-27 23:25:45,222  INFO [TestNG-test=Insurance Simulator Test-2] TestBase:80 - Check Insurance Value Test
2022-10-27 23:25:45,222  WARN [TestNG-test=Insurance Simulator Test-2] TestBase:81 - This test is dependent on Validate Simulate Button Test
2022-10-27 23:25:45,951  INFO [TestNG-test=Insurance Simulator Test-2] TestBase:80 - Check Insurance Value Test
2022-10-27 23:25:45,951  WARN [TestNG-test=Insurance Simulator Test-2] TestBase:81 - This test is dependent on Validate Simulate Button Test
2022-10-27 23:25:46,694  INFO [TestNG-test=Insurance Simulator Test-2] TestBase:80 - Check Insurance Value Test
2022-10-27 23:25:46,696  WARN [TestNG-test=Insurance Simulator Test-2] TestBase:81 - This test is dependent on Validate Simulate Button Test
2022-10-27 23:25:47,411  INFO [TestNG-test=Insurance Simulator Test-2] TestBase:80 - Check Insurance Value Test
2022-10-27 23:25:47,412  WARN [TestNG-test=Insurance Simulator Test-2] TestBase:81 - This test is dependent on Validate Simulate Button Test
2022-10-27 23:25:48,186 DEBUG [main] cache:45 - Couldn't find template in cache for "v3html/v3-html-index.ftl"("en", UTF-8, parsed); will try to load it.
2022-10-27 23:25:48,189 DEBUG [main] cache:45 - TemplateLoader.findTemplateSource("v3html/v3-html-index_en.ftl"): Not found
2022-10-27 23:25:48,191 DEBUG [main] cache:45 - TemplateLoader.findTemplateSource("v3html/v3-html-index.ftl"): Found
2022-10-27 23:25:48,191 DEBUG [main] cache:45 - Loading template for "v3html/v3-html-index.ftl"("en", UTF-8, parsed) from "jar:file:/Users/tavleenkour/.m2/repository/com/aventstack/extentreports/4.0.0/extentreports-4.0.0.jar!/com/aventstack/extentreports/view/v3html/v3-html-index.ftl"
2022-10-27 23:25:48,372 DEBUG [main] cache:45 - Couldn't find template in cache for "v3html/v3-html-head.ftl"("en", UTF-8, parsed); will try to load it.
2022-10-27 23:25:48,378 DEBUG [main] cache:45 - TemplateLoader.findTemplateSource("v3html/v3-html-head_en.ftl"): Not found
2022-10-27 23:25:48,381 DEBUG [main] cache:45 - TemplateLoader.findTemplateSource("v3html/v3-html-head.ftl"): Found
2022-10-27 23:25:48,382 DEBUG [main] cache:45 - Loading template for "v3html/v3-html-head.ftl"("en", UTF-8, parsed) from "jar:file:/Users/tavleenkour/.m2/repository/com/aventstack/extentreports/4.0.0/extentreports-4.0.0.jar!/com/aventstack/extentreports/view/v3html/v3-html-head.ftl"
2022-10-27 23:25:48,394 DEBUG [main] cache:45 - Couldn't find template in cache for "v3html/v3-html-nav.ftl"("en", UTF-8, parsed); will try to load it.
2022-10-27 23:25:48,395 DEBUG [main] cache:45 - TemplateLoader.findTemplateSource("v3html/v3-html-nav_en.ftl"): Not found
2022-10-27 23:25:48,396 DEBUG [main] cache:45 - TemplateLoader.findTemplateSource("v3html/v3-html-nav.ftl"): Found
2022-10-27 23:25:48,397 DEBUG [main] cache:45 - Loading template for "v3html/v3-html-nav.ftl"("en", UTF-8, parsed) from "jar:file:/Users/tavleenkour/.m2/repository/com/aventstack/extentreports/4.0.0/extentreports-4.0.0.jar!/com/aventstack/extentreports/view/v3html/v3-html-nav.ftl"
2022-10-27 23:25:48,417 DEBUG [main] cache:45 - Couldn't find template in cache for "v3html/test-view/v3-html-test-view.ftl"("en", UTF-8, parsed); will try to load it.
2022-10-27 23:25:48,418 DEBUG [main] cache:45 - TemplateLoader.findTemplateSource("v3html/test-view/v3-html-test-view_en.ftl"): Not found
2022-10-27 23:25:48,418 DEBUG [main] cache:45 - TemplateLoader.findTemplateSource("v3html/test-view/v3-html-test-view.ftl"): Found
2022-10-27 23:25:48,418 DEBUG [main] cache:45 - Loading template for "v3html/test-view/v3-html-test-view.ftl"("en", UTF-8, parsed) from "jar:file:/Users/tavleenkour/.m2/repository/com/aventstack/extentreports/4.0.0/extentreports-4.0.0.jar!/com/aventstack/extentreports/view/v3html/test-view/v3-html-test-view.ftl"
2022-10-27 23:25:48,448 DEBUG [main] cache:45 - Couldn't find template in cache for "v3html/test-view/v3-html-test-view-charts.ftl"("en", UTF-8, parsed); will try to load it.
2022-10-27 23:25:48,449 DEBUG [main] cache:45 - TemplateLoader.findTemplateSource("v3html/test-view/v3-html-test-view-charts_en.ftl"): Not found
2022-10-27 23:25:48,449 DEBUG [main] cache:45 - TemplateLoader.findTemplateSource("v3html/test-view/v3-html-test-view-charts.ftl"): Found
2022-10-27 23:25:48,449 DEBUG [main] cache:45 - Loading template for "v3html/test-view/v3-html-test-view-charts.ftl"("en", UTF-8, parsed) from "jar:file:/Users/tavleenkour/.m2/repository/com/aventstack/extentreports/4.0.0/extentreports-4.0.0.jar!/com/aventstack/extentreports/view/v3html/test-view/v3-html-test-view-charts.ftl"
2022-10-27 23:25:48,464 DEBUG [main] cache:45 - Couldn't find template in cache for "v3html/test-view/v3-html-standard.ftl"("en", UTF-8, parsed); will try to load it.
2022-10-27 23:25:48,465 DEBUG [main] cache:45 - TemplateLoader.findTemplateSource("v3html/test-view/v3-html-standard_en.ftl"): Not found
2022-10-27 23:25:48,465 DEBUG [main] cache:45 - TemplateLoader.findTemplateSource("v3html/test-view/v3-html-standard.ftl"): Found
2022-10-27 23:25:48,465 DEBUG [main] cache:45 - Loading template for "v3html/test-view/v3-html-standard.ftl"("en", UTF-8, parsed) from "jar:file:/Users/tavleenkour/.m2/repository/com/aventstack/extentreports/4.0.0/extentreports-4.0.0.jar!/com/aventstack/extentreports/view/v3html/test-view/v3-html-standard.ftl"
2022-10-27 23:25:48,496 DEBUG [main] cache:45 - "v3html/test-view/v3-html-standard.ftl"("en", UTF-8, parsed) cached copy not yet stale; using cached.
2022-10-27 23:25:48,496 DEBUG [main] cache:45 - "v3html/test-view/v3-html-standard.ftl"("en", UTF-8, parsed) cached copy not yet stale; using cached.
2022-10-27 23:25:48,505 DEBUG [main] cache:45 - "v3html/test-view/v3-html-standard.ftl"("en", UTF-8, parsed) cached copy not yet stale; using cached.
2022-10-27 23:25:48,507 DEBUG [main] cache:45 - "v3html/test-view/v3-html-standard.ftl"("en", UTF-8, parsed) cached copy not yet stale; using cached.
2022-10-27 23:25:48,508 DEBUG [main] cache:45 - "v3html/test-view/v3-html-standard.ftl"("en", UTF-8, parsed) cached copy not yet stale; using cached.
2022-10-27 23:25:48,519 DEBUG [main] cache:45 - "v3html/test-view/v3-html-standard.ftl"("en", UTF-8, parsed) cached copy not yet stale; using cached.
2022-10-27 23:25:48,522 DEBUG [main] cache:45 - "v3html/test-view/v3-html-standard.ftl"("en", UTF-8, parsed) cached copy not yet stale; using cached.
2022-10-27 23:25:48,527 DEBUG [main] cache:45 - "v3html/test-view/v3-html-standard.ftl"("en", UTF-8, parsed) cached copy not yet stale; using cached.
2022-10-27 23:25:48,532 DEBUG [main] cache:45 - "v3html/test-view/v3-html-standard.ftl"("en", UTF-8, parsed) cached copy not yet stale; using cached.
2022-10-27 23:25:48,534 DEBUG [main] cache:45 - "v3html/test-view/v3-html-standard.ftl"("en", UTF-8, parsed) cached copy not yet stale; using cached.
2022-10-27 23:25:48,536 DEBUG [main] cache:45 - "v3html/test-view/v3-html-standard.ftl"("en", UTF-8, parsed) cached copy not yet stale; using cached.
2022-10-27 23:25:48,537 DEBUG [main] cache:45 - "v3html/test-view/v3-html-standard.ftl"("en", UTF-8, parsed) cached copy not yet stale; using cached.
2022-10-27 23:25:48,539 DEBUG [main] cache:45 - "v3html/test-view/v3-html-standard.ftl"("en", UTF-8, parsed) cached copy not yet stale; using cached.
2022-10-27 23:25:48,543 DEBUG [main] cache:45 - "v3html/test-view/v3-html-standard.ftl"("en", UTF-8, parsed) cached copy not yet stale; using cached.
2022-10-27 23:25:48,546 DEBUG [main] cache:45 - "v3html/test-view/v3-html-standard.ftl"("en", UTF-8, parsed) cached copy not yet stale; using cached.
2022-10-27 23:25:48,551 DEBUG [main] cache:45 - "v3html/test-view/v3-html-standard.ftl"("en", UTF-8, parsed) cached copy not yet stale; using cached.
2022-10-27 23:25:48,554 DEBUG [main] cache:45 - "v3html/test-view/v3-html-standard.ftl"("en", UTF-8, parsed) cached copy not yet stale; using cached.
2022-10-27 23:25:48,556 DEBUG [main] cache:45 - "v3html/test-view/v3-html-standard.ftl"("en", UTF-8, parsed) cached copy not yet stale; using cached.
2022-10-27 23:25:48,557 DEBUG [main] cache:45 - "v3html/test-view/v3-html-standard.ftl"("en", UTF-8, parsed) cached copy not yet stale; using cached.
2022-10-27 23:25:48,558 DEBUG [main] cache:45 - "v3html/test-view/v3-html-standard.ftl"("en", UTF-8, parsed) cached copy not yet stale; using cached.
2022-10-27 23:25:48,558 DEBUG [main] cache:45 - "v3html/test-view/v3-html-standard.ftl"("en", UTF-8, parsed) cached copy not yet stale; using cached.
2022-10-27 23:25:48,561 DEBUG [main] cache:45 - "v3html/test-view/v3-html-standard.ftl"("en", UTF-8, parsed) cached copy not yet stale; using cached.
2022-10-27 23:25:48,561 DEBUG [main] cache:45 - "v3html/test-view/v3-html-standard.ftl"("en", UTF-8, parsed) cached copy not yet stale; using cached.
2022-10-27 23:25:48,562 DEBUG [main] cache:45 - "v3html/test-view/v3-html-standard.ftl"("en", UTF-8, parsed) cached copy not yet stale; using cached.
2022-10-27 23:25:48,563 DEBUG [main] cache:45 - "v3html/test-view/v3-html-standard.ftl"("en", UTF-8, parsed) cached copy not yet stale; using cached.
2022-10-27 23:25:48,564 DEBUG [main] cache:45 - "v3html/test-view/v3-html-standard.ftl"("en", UTF-8, parsed) cached copy not yet stale; using cached.
2022-10-27 23:25:48,564 DEBUG [main] cache:45 - "v3html/test-view/v3-html-standard.ftl"("en", UTF-8, parsed) cached copy not yet stale; using cached.
2022-10-27 23:25:48,565 DEBUG [main] cache:45 - "v3html/test-view/v3-html-standard.ftl"("en", UTF-8, parsed) cached copy not yet stale; using cached.
2022-10-27 23:25:48,566 DEBUG [main] cache:45 - "v3html/test-view/v3-html-standard.ftl"("en", UTF-8, parsed) cached copy not yet stale; using cached.
2022-10-27 23:25:48,566 DEBUG [main] cache:45 - "v3html/test-view/v3-html-standard.ftl"("en", UTF-8, parsed) cached copy not yet stale; using cached.
2022-10-27 23:25:48,575 DEBUG [main] cache:45 - "v3html/test-view/v3-html-standard.ftl"("en", UTF-8, parsed) cached copy not yet stale; using cached.
2022-10-27 23:25:48,579 DEBUG [main] cache:45 - "v3html/test-view/v3-html-standard.ftl"("en", UTF-8, parsed) cached copy not yet stale; using cached.
2022-10-27 23:25:48,581 DEBUG [main] cache:45 - "v3html/test-view/v3-html-standard.ftl"("en", UTF-8, parsed) cached copy not yet stale; using cached.
2022-10-27 23:25:48,583 DEBUG [main] cache:45 - "v3html/test-view/v3-html-standard.ftl"("en", UTF-8, parsed) cached copy not yet stale; using cached.
2022-10-27 23:25:48,583 DEBUG [main] cache:45 - "v3html/test-view/v3-html-standard.ftl"("en", UTF-8, parsed) cached copy not yet stale; using cached.
2022-10-27 23:25:48,584 DEBUG [main] cache:45 - "v3html/test-view/v3-html-standard.ftl"("en", UTF-8, parsed) cached copy not yet stale; using cached.
2022-10-27 23:25:48,587 DEBUG [main] cache:45 - "v3html/test-view/v3-html-standard.ftl"("en", UTF-8, parsed) cached copy not yet stale; using cached.
2022-10-27 23:25:48,589 DEBUG [main] cache:45 - "v3html/test-view/v3-html-standard.ftl"("en", UTF-8, parsed) cached copy not yet stale; using cached.
2022-10-27 23:25:48,589 DEBUG [main] cache:45 - "v3html/test-view/v3-html-standard.ftl"("en", UTF-8, parsed) cached copy not yet stale; using cached.
2022-10-27 23:25:48,590 DEBUG [main] cache:45 - "v3html/test-view/v3-html-standard.ftl"("en", UTF-8, parsed) cached copy not yet stale; using cached.
2022-10-27 23:25:48,590 DEBUG [main] cache:45 - "v3html/test-view/v3-html-standard.ftl"("en", UTF-8, parsed) cached copy not yet stale; using cached.
2022-10-27 23:25:48,592 DEBUG [main] cache:45 - "v3html/test-view/v3-html-standard.ftl"("en", UTF-8, parsed) cached copy not yet stale; using cached.
2022-10-27 23:25:48,594 DEBUG [main] cache:45 - "v3html/test-view/v3-html-standard.ftl"("en", UTF-8, parsed) cached copy not yet stale; using cached.
2022-10-27 23:25:48,595 DEBUG [main] cache:45 - "v3html/test-view/v3-html-standard.ftl"("en", UTF-8, parsed) cached copy not yet stale; using cached.
2022-10-27 23:25:48,595 DEBUG [main] cache:45 - "v3html/test-view/v3-html-standard.ftl"("en", UTF-8, parsed) cached copy not yet stale; using cached.
2022-10-27 23:25:48,596 DEBUG [main] cache:45 - "v3html/test-view/v3-html-standard.ftl"("en", UTF-8, parsed) cached copy not yet stale; using cached.
2022-10-27 23:25:48,597 DEBUG [main] cache:45 - "v3html/test-view/v3-html-standard.ftl"("en", UTF-8, parsed) cached copy not yet stale; using cached.
2022-10-27 23:25:48,597 DEBUG [main] cache:45 - "v3html/test-view/v3-html-standard.ftl"("en", UTF-8, parsed) cached copy not yet stale; using cached.
2022-10-27 23:25:48,599 DEBUG [main] cache:45 - "v3html/test-view/v3-html-standard.ftl"("en", UTF-8, parsed) cached copy not yet stale; using cached.
2022-10-27 23:25:48,600 DEBUG [main] cache:45 - Couldn't find template in cache for "v3html/category-view/v3-html-category-view.ftl"("en", UTF-8, parsed); will try to load it.
2022-10-27 23:25:48,604 DEBUG [main] cache:45 - TemplateLoader.findTemplateSource("v3html/category-view/v3-html-category-view_en.ftl"): Not found
2022-10-27 23:25:48,605 DEBUG [main] cache:45 - TemplateLoader.findTemplateSource("v3html/category-view/v3-html-category-view.ftl"): Found
2022-10-27 23:25:48,606 DEBUG [main] cache:45 - Loading template for "v3html/category-view/v3-html-category-view.ftl"("en", UTF-8, parsed) from "jar:file:/Users/tavleenkour/.m2/repository/com/aventstack/extentreports/4.0.0/extentreports-4.0.0.jar!/com/aventstack/extentreports/view/v3html/category-view/v3-html-category-view.ftl"
2022-10-27 23:25:48,622 DEBUG [main] cache:45 - Couldn't find template in cache for "v3html/exception-view/v3-html-exception-view.ftl"("en", UTF-8, parsed); will try to load it.
2022-10-27 23:25:48,623 DEBUG [main] cache:45 - TemplateLoader.findTemplateSource("v3html/exception-view/v3-html-exception-view_en.ftl"): Not found
2022-10-27 23:25:48,624 DEBUG [main] cache:45 - TemplateLoader.findTemplateSource("v3html/exception-view/v3-html-exception-view.ftl"): Found
2022-10-27 23:25:48,626 DEBUG [main] cache:45 - Loading template for "v3html/exception-view/v3-html-exception-view.ftl"("en", UTF-8, parsed) from "jar:file:/Users/tavleenkour/.m2/repository/com/aventstack/extentreports/4.0.0/extentreports-4.0.0.jar!/com/aventstack/extentreports/view/v3html/exception-view/v3-html-exception-view.ftl"
2022-10-27 23:25:48,642 DEBUG [main] cache:45 - Couldn't find template in cache for "v3html/author-view/v3-html-author-view.ftl"("en", UTF-8, parsed); will try to load it.
2022-10-27 23:25:48,643 DEBUG [main] cache:45 - TemplateLoader.findTemplateSource("v3html/author-view/v3-html-author-view_en.ftl"): Not found
2022-10-27 23:25:48,643 DEBUG [main] cache:45 - TemplateLoader.findTemplateSource("v3html/author-view/v3-html-author-view.ftl"): Found
2022-10-27 23:25:48,644 DEBUG [main] cache:45 - Loading template for "v3html/author-view/v3-html-author-view.ftl"("en", UTF-8, parsed) from "jar:file:/Users/tavleenkour/.m2/repository/com/aventstack/extentreports/4.0.0/extentreports-4.0.0.jar!/com/aventstack/extentreports/view/v3html/author-view/v3-html-author-view.ftl"
2022-10-27 23:25:48,649 DEBUG [main] cache:45 - Couldn't find template in cache for "v3html/dashboard-view/v3-html-dashboard-view.ftl"("en", UTF-8, parsed); will try to load it.
2022-10-27 23:25:48,650 DEBUG [main] cache:45 - TemplateLoader.findTemplateSource("v3html/dashboard-view/v3-html-dashboard-view_en.ftl"): Not found
2022-10-27 23:25:48,650 DEBUG [main] cache:45 - TemplateLoader.findTemplateSource("v3html/dashboard-view/v3-html-dashboard-view.ftl"): Found
2022-10-27 23:25:48,651 DEBUG [main] cache:45 - Loading template for "v3html/dashboard-view/v3-html-dashboard-view.ftl"("en", UTF-8, parsed) from "jar:file:/Users/tavleenkour/.m2/repository/com/aventstack/extentreports/4.0.0/extentreports-4.0.0.jar!/com/aventstack/extentreports/view/v3html/dashboard-view/v3-html-dashboard-view.ftl"
2022-10-27 23:25:48,664 DEBUG [main] cache:45 - Couldn't find template in cache for "v3html/logs-view/v3-html-testrunner-logs-view.ftl"("en", UTF-8, parsed); will try to load it.
2022-10-27 23:25:48,665 DEBUG [main] cache:45 - TemplateLoader.findTemplateSource("v3html/logs-view/v3-html-testrunner-logs-view_en.ftl"): Not found
2022-10-27 23:25:48,665 DEBUG [main] cache:45 - TemplateLoader.findTemplateSource("v3html/logs-view/v3-html-testrunner-logs-view.ftl"): Found
2022-10-27 23:25:48,666 DEBUG [main] cache:45 - Loading template for "v3html/logs-view/v3-html-testrunner-logs-view.ftl"("en", UTF-8, parsed) from "jar:file:/Users/tavleenkour/.m2/repository/com/aventstack/extentreports/4.0.0/extentreports-4.0.0.jar!/com/aventstack/extentreports/view/v3html/logs-view/v3-html-testrunner-logs-view.ftl"
